info it worked if it ends with ok
verbose cli [ '/shared/software/c9/support/node-c9-builds/bin/node-sunos-v0.6.8-security',
verbose cli   '/shared/users/$pr/pragtob/npm/bin/npm-cli.js',
verbose cli   'test' ]
info using npm@1.0.106
info using node@v0.6.8
verbose config file /root/.npmrc
verbose config file /shared/software/c9/support/node-c9-builds/etc/npmrc
verbose config file /shared/users/$pr/pragtob/npm/npmrc
silly testEngine { name: 'CoffeeRecommender',
silly testEngine   version: '0.0.1',
silly testEngine   description: 'A recommendation engine written in CoffeeScript',
silly testEngine   repository: 
silly testEngine    { type: 'git',
silly testEngine      url: 'git://github.com/PragTob/CoffeeRecommender.git' },
silly testEngine   licenses: [ 'MIT' ],
silly testEngine   scripts: { test: 'jasmine-node --coffee .' },
silly testEngine   dependencies: 
silly testEngine    { 'coffee-script': '>=1.3.1',
silly testEngine      'jasmine-node': '>=1.0.25',
silly testEngine      simplesets: '>=1.2.0' },
silly testEngine   _id: 'CoffeeRecommender@0.0.1',
silly testEngine   devDependencies: {},
silly testEngine   engines: { node: '*' },
silly testEngine   _engineSupported: true,
silly testEngine   _npmVersion: '1.0.106',
silly testEngine   _nodeVersion: 'v0.6.8',
silly testEngine   _defaultsLoaded: true }
verbose caching /shared/users/$pr/pragtob/174071/package.json
verbose loadDefaults CoffeeRecommender@0.0.1
verbose run-script [ 'pretest', 'test', 'posttest' ]
info pretest CoffeeRecommender@0.0.1
info test CoffeeRecommender@0.0.1
verbose unsafe-perm in lifecycle true
silly exec sh "-c" "jasmine-node --coffee ."
silly spawning [ 'sh',
silly spawning   [ '-c', 'jasmine-node --coffee .' ],
silly spawning   '/shared/users/$pr/pragtob/174071' ]
info CoffeeRecommender@0.0.1 Failed to exec test script
ERR! CoffeeRecommender@0.0.1 test: `jasmine-node --coffee .`
ERR! `sh "-c" "jasmine-node --coffee ."` failed with 1
ERR! 
ERR! Failed at the CoffeeRecommender@0.0.1 test script.
ERR! This is most likely a problem with the CoffeeRecommender package,
ERR! not with npm itself.
ERR! Tell the author that this fails on your system:
ERR!     jasmine-node --coffee .
ERR! You can get their info via:
ERR!     npm owner ls CoffeeRecommender
ERR! There is likely additional logging output above.
ERR! 
ERR! System SunOS 5.11
ERR! command "/shared/software/c9/support/node-c9-builds/bin/node-sunos-v0.6.8-security" "/shared/users/$pr/pragtob/npm/bin/npm-cli.js" "test"
ERR! cwd /shared/users/$pr/pragtob/174071
ERR! node -v v0.6.8
ERR! npm -v 1.0.106
ERR! code ELIFECYCLE
verbose exit [ 1, true ]
